shareYourTable/build/outputs/logs/manifest-merger-debug-report.txt
-- Merging decision tree log ---
manifest
ADDED from AndroidManifest.xml:2:1
	xmlns:android
		ADDED from AndroidManifest.xml:2:11
	package
		ADDED from AndroidManifest.xml:3:5
		INJECTED from AndroidManifest.xml:0:0
		INJECTED from AndroidManifest.xml:0:0
	android:versionName
		ADDED from AndroidManifest.xml:5:5
	android:versionCode
		ADDED from AndroidManifest.xml:4:5
		INJECTED from AndroidManifest.xml:0:0
		INJECTED from AndroidManifest.xml:0:0
uses-sdk
ADDED from AndroidManifest.xml:7:5
MERGED from com.android.support:support-v4:22.0.0:20:5
MERGED from com.android.support:appcompat-v7:21.0.3:15:5
MERGED from com.android.support:support-v4:22.0.0:20:5
MERGED from com.google.android.gms:play-services:7.0.0:18:5
MERGED from com.google.android.gms:play-services-ads:7.0.0:18:5
MERGED from com.google.android.gms:play-services-base:7.0.0:18:5
MERGED from com.android.support:support-v4:22.0.0:20:5
MERGED from com.google.android.gms:play-services-analytics:7.0.0:18:5
MERGED from com.google.android.gms:play-services-base:7.0.0:18:5
MERGED from com.android.support:support-v4:22.0.0:20:5
MERGED from com.google.android.gms:play-services-analytics:7.0.0:18:5
MERGED from com.google.android.gms:play-services-base:7.0.0:18:5
MERGED from com.android.support:support-v4:22.0.0:20:5
MERGED from com.google.android.gms:play-services-appindexing:7.0.0:18:5
MERGED from com.google.android.gms:play-services-base:7.0.0:18:5
MERGED from com.android.support:support-v4:22.0.0:20:5
MERGED from com.google.android.gms:play-services-appstate:7.0.0:18:5
MERGED from com.google.android.gms:play-services-base:7.0.0:18:5
MERGED from com.android.support:support-v4:22.0.0:20:5
MERGED from com.google.android.gms:play-services-base:7.0.0:18:5
MERGED from com.android.support:support-v4:22.0.0:20:5
MERGED from com.google.android.gms:play-services-cast:7.0.0:18:5
MERGED from com.google.android.gms:play-services-base:7.0.0:18:5
MERGED from com.android.support:support-v4:22.0.0:20:5
MERGED from com.google.android.gms:play-services-drive:7.0.0:18:5
MERGED from com.google.android.gms:play-services-base:7.0.0:18:5
MERGED from com.android.support:support-v4:22.0.0:20:5
MERGED from com.google.android.gms:play-services-fitness:7.0.0:18:5
MERGED from com.google.android.gms:play-services-base:7.0.0:18:5
MERGED from com.android.support:support-v4:22.0.0:20:5
MERGED from com.google.android.gms:play-services-location:7.0.0:18:5
MERGED from com.google.android.gms:play-services-base:7.0.0:18:5
MERGED from com.android.support:support-v4:22.0.0:20:5
MERGED from com.google.android.gms:play-services-maps:7.0.0:18:5
MERGED from com.google.android.gms:play-services-base:7.0.0:18:5
MERGED from com.android.support:support-v4:22.0.0:20:5
MERGED from com.google.android.gms:play-services-games:7.0.0:18:5
MERGED from com.google.android.gms:play-services-base:7.0.0:18:5
MERGED from com.android.support:support-v4:22.0.0:20:5
MERGED from com.google.android.gms:play-services-drive:7.0.0:18:5
MERGED from com.google.android.gms:play-services-base:7.0.0:18:5
MERGED from com.android.support:support-v4:22.0.0:20:5
MERGED from com.google.android.gms:play-services-gcm:7.0.0:18:5
MERGED from com.google.android.gms:play-services-base:7.0.0:18:5
MERGED from com.android.support:support-v4:22.0.0:20:5
MERGED from com.google.android.gms:play-services-identity:7.0.0:18:5
MERGED from com.google.android.gms:play-services-base:7.0.0:18:5
MERGED from com.android.support:support-v4:22.0.0:20:5
MERGED from com.google.android.gms:play-services-location:7.0.0:18:5
MERGED from com.google.android.gms:play-services-base:7.0.0:18:5
MERGED from com.android.support:support-v4:22.0.0:20:5
MERGED from com.google.android.gms:play-services-maps:7.0.0:18:5
MERGED from com.google.android.gms:play-services-base:7.0.0:18:5
MERGED from com.android.support:support-v4:22.0.0:20:5
MERGED from com.google.android.gms:play-services-maps:7.0.0:18:5
MERGED from com.google.android.gms:play-services-base:7.0.0:18:5
MERGED from com.android.support:support-v4:22.0.0:20:5
MERGED from com.google.android.gms:play-services-nearby:7.0.0:18:5
MERGED from com.google.android.gms:play-services-base:7.0.0:18:5
MERGED from com.android.support:support-v4:22.0.0:20:5
MERGED from com.google.android.gms:play-services-panorama:7.0.0:18:5
MERGED from com.google.android.gms:play-services-base:7.0.0:18:5
MERGED from com.android.support:support-v4:22.0.0:20:5
MERGED from com.google.android.gms:play-services-plus:7.0.0:18:5
MERGED from com.google.android.gms:play-services-base:7.0.0:18:5
MERGED from com.android.support:support-v4:22.0.0:20:5
MERGED from com.google.android.gms:play-services-safetynet:7.0.0:18:5
MERGED from com.google.android.gms:play-services-base:7.0.0:18:5
MERGED from com.android.support:support-v4:22.0.0:20:5
MERGED from com.google.android.gms:play-services-wallet:7.0.0:18:5
MERGED from com.google.android.gms:play-services-base:7.0.0:18:5
MERGED from com.android.support:support-v4:22.0.0:20:5
MERGED from com.google.android.gms:play-services-identity:7.0.0:18:5
MERGED from com.google.android.gms:play-services-base:7.0.0:18:5
MERGED from com.android.support:support-v4:22.0.0:20:5
MERGED from com.google.android.gms:play-services-maps:7.0.0:18:5
MERGED from com.google.android.gms:play-services-base:7.0.0:18:5
MERGED from com.android.support:support-v4:22.0.0:20:5
MERGED from com.google.android.gms:play-services-wearable:7.0.0:18:5
MERGED from com.google.android.gms:play-services-base:7.0.0:18:5
MERGED from com.android.support:support-v4:22.0.0:20:5
MERGED from com.facebook.android:facebook-android-sdk:3.21.1:20:5
MERGED from com.android.support:support-v4:22.0.0:20:5
MERGED from com.android.support:palette-v7:21.0.3:15:5
MERGED from com.android.support:support-v4:22.0.0:20:5
MERGED from ShareYourTable:circularImageView:unspecified:7:5
MERGED from com.android.support:support-v4:22.0.0:20:5
MERGED from ShareYourTable:StackBlur:unspecified:7:5
MERGED from ShareYourTable:easyAndroidAnimationsLibrary:unspecified:7:5
MERGED from com.android.support:support-v4:22.0.0:20:5
MERGED from com.melnykov:floatingactionbutton:1.2.0:8:5
MERGED from com.android.support:recyclerview-v7:21.0.2:15:5
MERGED from com.android.support:support-v4:22.0.0:20:5
MERGED from ShareYourTable:datetimepicker-library:unspecified:5:5
MERGED from com.android.support:support-v4:22.0.0:20:5
	android:targetSdkVersion
		ADDED from AndroidManifest.xml:9:9
		INJECTED from AndroidManifest.xml:0:0
		INJECTED from AndroidManifest.xml:0:0
	android:minSdkVersion
		ADDED from AndroidManifest.xml:8:9
		INJECTED from AndroidManifest.xml:0:0
		INJECTED from AndroidManifest.xml:0:0
uses-permission#android.permission.INTERNET
ADDED from AndroidManifest.xml:11:5
	android:name
		ADDED from AndroidManifest.xml:11:22
uses-permission#android.permission.ACCESS_NETWORK_STATE
ADDED from AndroidManifest.xml:12:5
	android:name
		ADDED from AndroidManifest.xml:12:22
uses-permission#android.permission.WRITE_EXTERNAL_STORAGE
ADDED from AndroidManifest.xml:13:5
MERGED from ShareYourTable:StackBlur:unspecified:12:5
	android:name
		ADDED from AndroidManifest.xml:13:22
uses-permission#com.google.android.providers.gsf.permission.READ_GSERVICES
ADDED from AndroidManifest.xml:14:5
	android:name
		ADDED from AndroidManifest.xml:14:22
uses-permission#android.permission.ACCESS_COARSE_LOCATION
ADDED from AndroidManifest.xml:15:5
	android:name
		ADDED from AndroidManifest.xml:15:22
uses-permission#android.permission.ACCESS_FINE_LOCATION
ADDED from AndroidManifest.xml:16:5
	android:name
		ADDED from AndroidManifest.xml:16:22
uses-permission#android.permission.WAKE_LOCK
ADDED from AndroidManifest.xml:17:5
	android:name
		ADDED from AndroidManifest.xml:17:22
uses-permission#android.permission.RECEIVE_BOOT_COMPLETED
ADDED from AndroidManifest.xml:18:5
	android:name
		ADDED from AndroidManifest.xml:18:22
uses-permission#android.permission.VIBRATE
ADDED from AndroidManifest.xml:19:5
	android:name
		ADDED from AndroidManifest.xml:19:22
uses-permission#android.permission.GET_ACCOUNTS
ADDED from AndroidManifest.xml:20:5
	android:name
		ADDED from AndroidManifest.xml:20:22
uses-permission#com.google.android.c2dm.permission.RECEIVE
ADDED from AndroidManifest.xml:21:5
	android:name
		ADDED from AndroidManifest.xml:21:22
uses-permission#android.permission.CALL_PHONE
ADDED from AndroidManifest.xml:22:5
	android:name
		ADDED from AndroidManifest.xml:22:22
uses-permission#android.permission.CAMERA
ADDED from AndroidManifest.xml:23:5
	android:name
		ADDED from AndroidManifest.xml:23:22
uses-permission#android.permission.READ_PHONE_STATE
ADDED from AndroidManifest.xml:24:5
	android:name
		ADDED from AndroidManifest.xml:24:22
uses-permission#android.permission.SET_DEBUG_APP
ADDED from AndroidManifest.xml:25:5
	android:name
		ADDED from AndroidManifest.xml:25:22
uses-permission#android.permission.READ_EXTERNAL_STORAGE
ADDED from AndroidManifest.xml:27:5
	android:maxSdkVersion
		ADDED from AndroidManifest.xml:29:9
	android:name
		ADDED from AndroidManifest.xml:28:9
uses-feature#android.hardware.camera
ADDED from AndroidManifest.xml:31:5
	android:required
		ADDED from AndroidManifest.xml:33:9
	android:name
		ADDED from AndroidManifest.xml:32:9
permission#com.codepath.shareyourtable.permission.C2D_MESSAGE
ADDED from AndroidManifest.xml:35:5
	android:protectionLevel
		ADDED from AndroidManifest.xml:35:17
	android:name
		ADDED from AndroidManifest.xml:36:9
uses-permission#com.codepath.shareyourtable.permission.C2D_MESSAGE
ADDED from AndroidManifest.xml:37:5
	android:name
		ADDED from AndroidManifest.xml:37:22
application
ADDED from AndroidManifest.xml:39:5
MERGED from com.android.support:support-v4:22.0.0:22:5
MERGED from com.android.support:appcompat-v7:21.0.3:16:5
MERGED from com.android.support:support-v4:22.0.0:22:5
MERGED from com.google.android.gms:play-services:7.0.0:19:5
MERGED from com.google.android.gms:play-services-ads:7.0.0:19:5
MERGED from com.google.android.gms:play-services-base:7.0.0:20:5
MERGED from com.android.support:support-v4:22.0.0:22:5
MERGED from com.google.android.gms:play-services-analytics:7.0.0:19:5
MERGED from com.google.android.gms:play-services-base:7.0.0:20:5
MERGED from com.android.support:support-v4:22.0.0:22:5
MERGED from com.google.android.gms:play-services-analytics:7.0.0:19:5
MERGED from com.google.android.gms:play-services-base:7.0.0:20:5
MERGED from com.android.support:support-v4:22.0.0:22:5
MERGED from com.google.android.gms:play-services-appindexing:7.0.0:19:5
MERGED from com.google.android.gms:play-services-base:7.0.0:20:5
MERGED from com.android.support:support-v4:22.0.0:22:5
MERGED from com.google.android.gms:play-services-appstate:7.0.0:19:5
MERGED from com.google.android.gms:play-services-base:7.0.0:20:5
MERGED from com.android.support:support-v4:22.0.0:22:5
MERGED from com.google.android.gms:play-services-base:7.0.0:20:5
MERGED from com.android.support:support-v4:22.0.0:22:5
MERGED from com.google.android.gms:play-services-cast:7.0.0:19:5
MERGED from com.google.android.gms:play-services-base:7.0.0:20:5
MERGED from com.android.support:support-v4:22.0.0:22:5
MERGED from com.google.android.gms:play-services-drive:7.0.0:19:5
MERGED from com.google.android.gms:play-services-base:7.0.0:20:5
MERGED from com.android.support:support-v4:22.0.0:22:5
MERGED from com.google.android.gms:play-services-fitness:7.0.0:19:5
MERGED from com.google.android.gms:play-services-base:7.0.0:20:5
MERGED from com.android.support:support-v4:22.0.0:22:5
MERGED from com.google.android.gms:play-services-location:7.0.0:19:5
MERGED from com.google.android.gms:play-services-base:7.0.0:20:5
MERGED from com.android.support:support-v4:22.0.0:22:5
MERGED from com.google.android.gms:play-services-maps:7.0.0:19:5
MERGED from com.google.android.gms:play-services-base:7.0.0:20:5
MERGED from com.android.support:support-v4:22.0.0:22:5
MERGED from com.google.android.gms:play-services-games:7.0.0:19:5
MERGED from com.google.android.gms:play-services-base:7.0.0:20:5
MERGED from com.android.support:support-v4:22.0.0:22:5
MERGED from com.google.android.gms:play-services-drive:7.0.0:19:5
MERGED from com.google.android.gms:play-services-base:7.0.0:20:5
MERGED from com.android.support:support-v4:22.0.0:22:5
MERGED from com.google.android.gms:play-services-gcm:7.0.0:19:5
MERGED from com.google.android.gms:play-services-base:7.0.0:20:5
MERGED from com.android.support:support-v4:22.0.0:22:5
MERGED from com.google.android.gms:play-services-identity:7.0.0:19:5
MERGED from com.google.android.gms:play-services-base:7.0.0:20:5
MERGED from com.android.support:support-v4:22.0.0:22:5
MERGED from com.google.android.gms:play-services-location:7.0.0:19:5
MERGED from com.google.android.gms:play-services-base:7.0.0:20:5
MERGED from com.android.support:support-v4:22.0.0:22:5
MERGED from com.google.android.gms:play-services-maps:7.0.0:19:5
MERGED from com.google.android.gms:play-services-base:7.0.0:20:5
MERGED from com.android.support:support-v4:22.0.0:22:5
MERGED from com.google.android.gms:play-services-maps:7.0.0:19:5
MERGED from com.google.android.gms:play-services-base:7.0.0:20:5
MERGED from com.android.support:support-v4:22.0.0:22:5
MERGED from com.google.android.gms:play-services-nearby:7.0.0:19:5
MERGED from com.google.android.gms:play-services-base:7.0.0:20:5
MERGED from com.android.support:support-v4:22.0.0:22:5
MERGED from com.google.android.gms:play-services-panorama:7.0.0:19:5
MERGED from com.google.android.gms:play-services-base:7.0.0:20:5
MERGED from com.android.support:support-v4:22.0.0:22:5
MERGED from com.google.android.gms:play-services-plus:7.0.0:19:5
MERGED from com.google.android.gms:play-services-base:7.0.0:20:5
MERGED from com.android.support:support-v4:22.0.0:22:5
MERGED from com.google.android.gms:play-services-safetynet:7.0.0:19:5
MERGED from com.google.android.gms:play-services-base:7.0.0:20:5
MERGED from com.android.support:support-v4:22.0.0:22:5
MERGED from com.google.android.gms:play-services-wallet:7.0.0:19:5
MERGED from com.google.android.gms:play-services-base:7.0.0:20:5
MERGED from com.android.support:support-v4:22.0.0:22:5
MERGED from com.google.android.gms:play-services-identity:7.0.0:19:5
MERGED from com.google.android.gms:play-services-base:7.0.0:20:5
MERGED from com.android.support:support-v4:22.0.0:22:5
MERGED from com.google.android.gms:play-services-maps:7.0.0:19:5
MERGED from com.google.android.gms:play-services-base:7.0.0:20:5
MERGED from com.android.support:support-v4:22.0.0:22:5
MERGED from com.google.android.gms:play-services-wearable:7.0.0:19:5
MERGED from com.google.android.gms:play-services-base:7.0.0:20:5
MERGED from com.android.support:support-v4:22.0.0:22:5
MERGED from com.facebook.android:facebook-android-sdk:3.21.1:24:5
MERGED from com.android.support:support-v4:22.0.0:22:5
MERGED from com.android.support:palette-v7:21.0.3:16:5
MERGED from com.android.support:support-v4:22.0.0:22:5
MERGED from com.android.support:support-v4:22.0.0:22:5
MERGED from ShareYourTable:StackBlur:unspecified:14:5
MERGED from ShareYourTable:easyAndroidAnimationsLibrary:unspecified:11:5
MERGED from com.android.support:support-v4:22.0.0:22:5
MERGED from com.melnykov:floatingactionbutton:1.2.0:12:5
MERGED from com.android.support:recyclerview-v7:21.0.2:17:5
MERGED from com.android.support:support-v4:22.0.0:22:5
MERGED from ShareYourTable:datetimepicker-library:unspecified:9:5
MERGED from com.android.support:support-v4:22.0.0:22:5
	android:label
		ADDED from AndroidManifest.xml:43:9
	android:allowBackup
		ADDED from AndroidManifest.xml:41:9
	android:icon
		ADDED from AndroidManifest.xml:42:9
	android:theme
		ADDED from AndroidManifest.xml:44:9
	android:name
		ADDED from AndroidManifest.xml:40:9
meta-data#com.facebook.sdk.ApplicationId
ADDED from AndroidManifest.xml:45:9
	android:name
		ADDED from AndroidManifest.xml:46:13
	android:value
		ADDED from AndroidManifest.xml:47:13
activity#com.codepath.shareyourtable.activities.SplashScreenActivity
ADDED from AndroidManifest.xml:49:9
	android:label
		ADDED from AndroidManifest.xml:51:13
	android:name
		ADDED from AndroidManifest.xml:50:13
intent-filter#android.intent.action.MAIN+android.intent.category.LAUNCHER
ADDED from AndroidManifest.xml:52:13
action#android.intent.action.MAIN
ADDED from AndroidManifest.xml:53:17
	android:name
		ADDED from AndroidManifest.xml:53:25
category#android.intent.category.LAUNCHER
ADDED from AndroidManifest.xml:55:17
	android:name
		ADDED from AndroidManifest.xml:55:27
activity#com.codepath.shareyourtable.activities.HomeActivity
ADDED from AndroidManifest.xml:58:9
	android:label
		ADDED from AndroidManifest.xml:60:13
	android:name
		ADDED from AndroidManifest.xml:59:13
activity#com.facebook.LoginActivity
ADDED from AndroidManifest.xml:63:9
	android:label
		ADDED from AndroidManifest.xml:65:13
	android:theme
		ADDED from AndroidManifest.xml:66:13
	android:name
		ADDED from AndroidManifest.xml:64:13
activity#com.codepath.shareyourtable.activities.ProfileActivity
ADDED from AndroidManifest.xml:67:9
	android:label
		ADDED from AndroidManifest.xml:69:13
	android:parentActivityName
		ADDED from AndroidManifest.xml:70:13
	android:name
		ADDED from AndroidManifest.xml:68:13
activity#com.codepath.shareyourtable.activities.YelpActivity
ADDED from AndroidManifest.xml:72:9
	android:label
		ADDED from AndroidManifest.xml:74:13
	android:name
		ADDED from AndroidManifest.xml:73:13
activity#com.codepath.shareyourtable.activities.CreateEventActivity
ADDED from AndroidManifest.xml:76:9
	android:parentActivityName
		ADDED from AndroidManifest.xml:78:13
	android:name
		ADDED from AndroidManifest.xml:77:13
activity#com.codepath.shareyourtable.activities.RestaurantDetailActivity
ADDED from AndroidManifest.xml:81:9
	android:parentActivityName
		ADDED from AndroidManifest.xml:83:13
	android:name
		ADDED from AndroidManifest.xml:82:13
meta-data#com.google.android.maps.v2.API_KEY
ADDED from AndroidManifest.xml:87:9
	android:name
		ADDED from AndroidManifest.xml:88:13
	android:value
		ADDED from AndroidManifest.xml:89:13
meta-data#com.google.android.gms.version
ADDED from AndroidManifest.xml:90:9
MERGED from com.google.android.gms:play-services-base:7.0.0:21:9
MERGED from com.google.android.gms:play-services-base:7.0.0:21:9
MERGED from com.google.android.gms:play-services-base:7.0.0:21:9
MERGED from com.google.android.gms:play-services-base:7.0.0:21:9
MERGED from com.google.android.gms:play-services-base:7.0.0:21:9
MERGED from com.google.android.gms:play-services-base:7.0.0:21:9
MERGED from com.google.android.gms:play-services-base:7.0.0:21:9
MERGED from com.google.android.gms:play-services-base:7.0.0:21:9
MERGED from com.google.android.gms:play-services-base:7.0.0:21:9
MERGED from com.google.android.gms:play-services-base:7.0.0:21:9
MERGED from com.google.android.gms:play-services-base:7.0.0:21:9
MERGED from com.google.android.gms:play-services-base:7.0.0:21:9
MERGED from com.google.android.gms:play-services-base:7.0.0:21:9
MERGED from com.google.android.gms:play-services-base:7.0.0:21:9
MERGED from com.google.android.gms:play-services-base:7.0.0:21:9
MERGED from com.google.android.gms:play-services-base:7.0.0:21:9
MERGED from com.google.android.gms:play-services-base:7.0.0:21:9
MERGED from com.google.android.gms:play-services-base:7.0.0:21:9
MERGED from com.google.android.gms:play-services-base:7.0.0:21:9
MERGED from com.google.android.gms:play-services-base:7.0.0:21:9
MERGED from com.google.android.gms:play-services-base:7.0.0:21:9
MERGED from com.google.android.gms:play-services-base:7.0.0:21:9
MERGED from com.google.android.gms:play-services-base:7.0.0:21:9
MERGED from com.google.android.gms:play-services-base:7.0.0:21:9
MERGED from com.google.android.gms:play-services-base:7.0.0:21:9
MERGED from com.google.android.gms:play-services-base:7.0.0:21:9
	android:name
		ADDED from AndroidManifest.xml:91:13
	android:value
		ADDED from AndroidManifest.xml:92:13
activity#com.codepath.shareyourtable.activities.TimelineActivity
ADDED from AndroidManifest.xml:94:9
	android:label
		ADDED from AndroidManifest.xml:96:13
	android:name
		ADDED from AndroidManifest.xml:95:13
activity#com.codepath.shareyourtable.activities.MapActivity
ADDED from AndroidManifest.xml:99:9
	android:label
		ADDED from AndroidManifest.xml:101:13
	android:name
		ADDED from AndroidManifest.xml:100:13
activity#com.codepath.shareyourtable.activities.ViewEventActivity
ADDED from AndroidManifest.xml:103:9
	android:label
		ADDED from AndroidManifest.xml:106:13
	android:parentActivityName
		ADDED from AndroidManifest.xml:105:13
	android:name
		ADDED from AndroidManifest.xml:104:13
activity#com.codepath.shareyourtable.activities.ChatActivity
ADDED from AndroidManifest.xml:108:9
	android:label
		ADDED from AndroidManifest.xml:110:13
	android:name
		ADDED from AndroidManifest.xml:109:13
service#com.parse.PushService
ADDED from AndroidManifest.xml:113:9
	android:name
		ADDED from AndroidManifest.xml:113:18
receiver#com.parse.ParseBroadcastReceiver
ADDED from AndroidManifest.xml:115:9
	android:name
		ADDED from AndroidManifest.xml:115:19
intent-filter#android.intent.action.BOOT_COMPLETED+android.intent.action.USER_PRESENT
ADDED from AndroidManifest.xml:116:13
action#android.intent.action.BOOT_COMPLETED
ADDED from AndroidManifest.xml:117:17
	android:name
		ADDED from AndroidManifest.xml:117:25
action#android.intent.action.USER_PRESENT
ADDED from AndroidManifest.xml:118:17
	android:name
		ADDED from AndroidManifest.xml:118:25
receiver#com.parse.GcmBroadcastReceiver
ADDED from AndroidManifest.xml:121:9
	android:permission
		ADDED from AndroidManifest.xml:123:13
	android:name
		ADDED from AndroidManifest.xml:122:13
intent-filter#com.codepath.shareyourtable+com.google.android.c2dm.intent.RECEIVE+com.google.android.c2dm.intent.REGISTRATION
ADDED from AndroidManifest.xml:124:13
action#com.google.android.c2dm.intent.RECEIVE
ADDED from AndroidManifest.xml:125:17
	android:name
		ADDED from AndroidManifest.xml:125:25
action#com.google.android.c2dm.intent.REGISTRATION
ADDED from AndroidManifest.xml:126:17
	android:name
		ADDED from AndroidManifest.xml:126:25
category#com.codepath.shareyourtable
ADDED from AndroidManifest.xml:129:17
	android:name
		ADDED from AndroidManifest.xml:129:27
receiver#com.parse.ParsePushBroadcastReceiver
ADDED from AndroidManifest.xml:132:9
	android:exported
		ADDED from AndroidManifest.xml:134:13
	android:name
		ADDED from AndroidManifest.xml:133:13
intent-filter#com.parse.push.intent.DELETE+com.parse.push.intent.OPEN+com.parse.push.intent.RECEIVE
ADDED from AndroidManifest.xml:135:13
action#com.parse.push.intent.RECEIVE
ADDED from AndroidManifest.xml:136:17
	android:name
		ADDED from AndroidManifest.xml:136:25
action#com.parse.push.intent.DELETE
ADDED from AndroidManifest.xml:137:17
	android:name
		ADDED from AndroidManifest.xml:137:25
action#com.parse.push.intent.OPEN
ADDED from AndroidManifest.xml:138:17
	android:name
		ADDED from AndroidManifest.xml:138:25
meta-data#com.parse.push.notification_icon
ADDED from AndroidManifest.xml:142:9
	android:resource
		ADDED from AndroidManifest.xml:144:13
	android:name
		ADDED from AndroidManifest.xml:143:13
uses-permission#android.permission.WRITE_INTERNAL_STORAGE
ADDED from ShareYourTable:StackBlur:unspecified:11:5
	android:name
		ADDED from ShareYourTable:StackBlur:unspecified:11:22
activity#android.support.v7.widget.TestActivity
ADDED from com.android.support:recyclerview-v7:21.0.2:18:9
	android:label
		ADDED from com.android.support:recyclerview-v7:21.0.2:18:19
	android:name
		ADDED from com.android.support:recyclerview-v7:21.0.2:18:60